<?xml version="1.0" encoding="UTF-8"?>
<testng-results ignored="0" total="1" passed="1" failed="0" skipped="0">
  <reporter-output>
  </reporter-output>
  <suite started-at="2025-11-18T18:06:43 IST" name="Default suite" finished-at="2025-11-18T18:06:46 IST" duration-ms="3222">
    <groups>
    </groups>
    <test started-at="2025-11-18T18:06:43 IST" name="Default test" finished-at="2025-11-18T18:06:46 IST" duration-ms="3222">
      <class name="api_scripts.Get_shopper">
        <test-method signature="get_shopper()[pri:0, instance:api_scripts.Get_shopper@9597028]" started-at="2025-11-18T18:06:43 IST" name="get_shopper" finished-at="2025-11-18T18:06:46 IST" duration-ms="3164" status="PASS">
          <reporter-output>
          </reporter-output>
        </test-method> <!-- get_shopper -->
      </class> <!-- api_scripts.Get_shopper -->
    </test> <!-- Default test -->
  </suite> <!-- Default suite -->
</testng-results>
